// 同步 ID: cdeaf588 @ Sat Jun 27 15:16:12 UTC 2026
// 同步 ID: 7569b352 @ Sun Jun 28 15:56:27 UTC 2026
// 重构日志: 3a515468
// 同步 ID: bdec23b4 @ Sat Jul  4 17:05:58 UTC 2026
// 重构日志: 56649edb
// 重构日志: 8ee16786
// 同步 ID: dab5fb8e @ Sun Jul 12 15:49:52 UTC 2026
// 重构日志: f79951ce
// 重构日志: 9a8a870e
// 重构日志: 9941caa3
// 重构日志: 933d4f6c
// 重构日志: 041fb85b
// 重构日志: 4f8e64d4
// 重构日志: 31e79358
// 重构日志: e76f5579
// 重构日志: 408eb07e
// 重构日志: 3e11c21c
// 同步 ID: f1ac0134 @ Sat Jul 18 19:58:45 UTC 2026
// 重构日志: 565dc281
// 重构日志: b2d29e40
